HTTP/1.1 200 OK
Date: Wed, 27 Oct 2021 21:55:43 GMT
Server: Apache/2.4.41 (Ubuntu)
X-Frame-Options: DENY
X-Content-Type-Options: nosniff
Last-Modified: Tue, 26 Oct 2021 12:23:55 GMT
ETag: "2aa6-5cf408d1013e7"
Accept-Ranges: bytes
Content-Length: 10918
Vary: Accept-Encoding
Content-Type: text/html

HTTP/1.1 200 OK
Date: Wed, 27 Oct 2021 21:55:43 GMT
Server: Apache/2.4.41 (Ubuntu)
X-Frame-Options: DENY
X-Content-Type-Options: nosniff
Last-Modified: Tue, 26 Oct 2021 12:23:55 GMT
ETag: "2aa6-5cf408d1013e7"
Accept-Ranges: bytes
Content-Length: 10918
Vary: Accept-Encoding
Content-Type: text/html

HTTP/1.1 200 OK
Date: Wed, 27 Oct 2021 21:55:43 GMT
Server: Apache/2.4.41 (Ubuntu)
X-Frame-Options: DENY
X-Content-Type-Options: nosniff
Last-Modified: Tue, 26 Oct 2021 12:23:55 GMT
ETag: "2aa6-5cf408d1013e7"
Accept-Ranges: bytes
Content-Length: 10918
Vary: Accept-Encoding
Content-Type: text/html

HTTP/1.1 200 OK
Date: Wed, 27 Oct 2021 21:55:43 GMT
Server: Apache/2.4.41 (Ubuntu)
X-Frame-Options: DENY
X-Content-Type-Options: nosniff
Last-Modified: Tue, 26 Oct 2021 12:23:55 GMT
ETag: "2aa6-5cf408d1013e7"
Accept-Ranges: bytes
Content-Length: 10918
Vary: Accept-Encoding
Content-Type: text/html

HTTP/1.1 200 OK
Date: Wed, 27 Oct 2021 21:55:44 GMT
Server: Apache/2.4.41 (Ubuntu)
X-Frame-Options: DENY
X-Content-Type-Options: nosniff
Last-Modified: Tue, 26 Oct 2021 12:23:55 GMT
ETag: "2aa6-5cf408d1013e7"
Accept-Ranges: bytes
Content-Length: 10918
Vary: Accept-Encoding
Content-Type: text/html

