C:\Ubuntu.Netology - test>vagrant up
Bringing machine 'server4.netology' up with 'virtualbox' provider...
==> server4.netology: Importing base box 'bento/ubuntu-20.04'...
==> server4.netology: Matching MAC address for NAT networking...
==> server4.netology: Checking if box 'bento/ubuntu-20.04' version '202107.28.0' is up to date...
==> server4.netology: Setting the name of the VM: server4.netology
==> server4.netology: Fixed port collision for 22 => 2222. Now on port 2200.
==> server4.netology: Clearing any previously set network interfaces...
==> server4.netology: Preparing network interfaces based on configuration...
    server4.netology: Adapter 1: nat
    server4.netology: Adapter 2: hostonly
    server4.netology: Adapter 3: bridged
==> server4.netology: Forwarding ports...
    server4.netology: 22 (guest) => 20011 (host) (adapter 1)
    server4.netology: 22 (guest) => 2200 (host) (adapter 1)
==> server4.netology: Running 'pre-boot' VM customizations...
==> server4.netology: Booting VM...
==> server4.netology: Waiting for machine to boot. This may take a few minutes...
    server4.netology: SSH address: 127.0.0.1:2200
    server4.netology: SSH username: vagrant
    server4.netology: SSH auth method: private key
    server4.netology: Warning: Connection reset. Retrying...
    server4.netology: Warning: Connection aborted. Retrying...
    server4.netology:
    server4.netology: Vagrant insecure key detected. Vagrant will automatically replace
    server4.netology: this with a newly generated keypair for better security.
    server4.netology:
    server4.netology: Inserting generated public key within guest...
==> server4.netology: Machine booted and ready!
==> server4.netology: Checking for guest additions in VM...
==> server4.netology: Setting hostname...
==> server4.netology: Configuring and enabling network interfaces...
==> server4.netology: Mounting shared folders...
    server4.netology: /vagrant => C:/Ubuntu.Netology - test
    server4.netology: /vagrant_data => C:/data
==> server4.netology: Running provisioner: shell...
    server4.netology: Running: inline script
    server4.netology:
    server4.netology: WARNING: apt does not have a stable CLI interface. Use with caution in scripts.
    server4.netology:
    server4.netology: Reading package lists...
    server4.netology: Building dependency tree...
    server4.netology: Reading state information...
    server4.netology: software-properties-common is already the newest version (0.98.9.5).
    server4.netology: 0 upgraded, 0 newly installed, 0 to remove and 0 not upgraded.
    server4.netology: Hit:1 http://archive.ubuntu.com/ubuntu focal InRelease
    server4.netology: Get:2 http://ppa.launchpad.net/ansible/ansible/ubuntu focal InRelease [18.0 kB]
    server4.netology: Get:3 http://archive.ubuntu.com/ubuntu focal-updates InRelease [114 kB]
    server4.netology: Get:4 http://archive.ubuntu.com/ubuntu focal-backports InRelease [101 kB]
    server4.netology: Get:5 http://security.ubuntu.com/ubuntu focal-security InRelease [114 kB]
    server4.netology: Get:6 http://ppa.launchpad.net/ansible/ansible/ubuntu focal/main amd64 Packages [1,060 B]
    server4.netology: Get:7 http://ppa.launchpad.net/ansible/ansible/ubuntu focal/main i386 Packages [1,060 B]
    server4.netology: Get:8 http://archive.ubuntu.com/ubuntu focal-updates/main i386 Packages [562 kB]
    server4.netology: Get:9 http://ppa.launchpad.net/ansible/ansible/ubuntu focal/main Translation-en [716 B]
    server4.netology: Get:10 http://archive.ubuntu.com/ubuntu focal-updates/main amd64 Packages [1,344 kB]
    server4.netology: Get:11 http://security.ubuntu.com/ubuntu focal-security/main amd64 Packages [987 kB]
    server4.netology: Get:12 http://archive.ubuntu.com/ubuntu focal-updates/main Translation-en [276 kB]
    server4.netology: Get:13 http://archive.ubuntu.com/ubuntu focal-updates/restricted amd64 Packages [569 kB]
    server4.netology: Get:14 http://archive.ubuntu.com/ubuntu focal-updates/restricted i386 Packages [21.7 kB]
    server4.netology: Get:15 http://archive.ubuntu.com/ubuntu focal-updates/restricted Translation-en [81.6 kB]
    server4.netology: Get:16 http://archive.ubuntu.com/ubuntu focal-updates/universe amd64 Packages [875 kB]
    server4.netology: Get:17 http://archive.ubuntu.com/ubuntu focal-updates/universe i386 Packages [647 kB]
    server4.netology: Get:18 http://archive.ubuntu.com/ubuntu focal-updates/universe Translation-en [189 kB]
    server4.netology: Get:19 http://archive.ubuntu.com/ubuntu focal-updates/multiverse amd64 Packages [24.5 kB]
    server4.netology: Get:20 http://archive.ubuntu.com/ubuntu focal-updates/multiverse i386 Packages [8,204 B]
    server4.netology: Get:21 http://archive.ubuntu.com/ubuntu focal-updates/multiverse Translation-en [6,856 B]
    server4.netology: Get:22 http://archive.ubuntu.com/ubuntu focal-backports/universe i386 Packages [5,540 B]
    server4.netology: Get:23 http://archive.ubuntu.com/ubuntu focal-backports/universe amd64 Packages [6,592 B]
    server4.netology: Get:24 http://archive.ubuntu.com/ubuntu focal-backports/universe Translation-en [3,292 B]
    server4.netology: Get:25 http://security.ubuntu.com/ubuntu focal-security/main i386 Packages [306 kB]
    server4.netology: Get:26 http://security.ubuntu.com/ubuntu focal-security/main Translation-en [183 kB]
    server4.netology: Get:27 http://security.ubuntu.com/ubuntu focal-security/restricted i386 Packages [20.4 kB]
    server4.netology: Get:28 http://security.ubuntu.com/ubuntu focal-security/restricted amd64 Packages [526 kB]
    server4.netology: Get:29 http://security.ubuntu.com/ubuntu focal-security/restricted Translation-en [75.4 kB]
    server4.netology: Get:30 http://security.ubuntu.com/ubuntu focal-security/universe i386 Packages [515 kB]
    server4.netology: Get:31 http://security.ubuntu.com/ubuntu focal-security/universe amd64 Packages [651 kB]
    server4.netology: Get:32 http://security.ubuntu.com/ubuntu focal-security/universe Translation-en [107 kB]
    server4.netology: Get:33 http://security.ubuntu.com/ubuntu focal-security/multiverse amd64 Packages [21.9 kB]
    server4.netology: Get:34 http://security.ubuntu.com/ubuntu focal-security/multiverse i386 Packages [7,212 B]
    server4.netology: Get:35 http://security.ubuntu.com/ubuntu focal-security/multiverse Translation-en [4,948 B]
    server4.netology: Fetched 8,374 kB in 13s (648 kB/s)
    server4.netology: Reading package lists...
    server4.netology:
    server4.netology: WARNING: apt does not have a stable CLI interface. Use with caution in scripts.
    server4.netology:
    server4.netology: Reading package lists...
    server4.netology: Building dependency tree...
    server4.netology: Reading state information...
    server4.netology: The following additional packages will be installed:
    server4.netology:   ansible-core python3-bcrypt python3-jinja2 python3-markupsafe
    server4.netology:   python3-packaging python3-paramiko python3-pyparsing python3-resolvelib
    server4.netology:   sshpass
    server4.netology: Suggested packages:
    server4.netology:   python-jinja2-doc python3-gssapi python-pyparsing-doc
    server4.netology: The following NEW packages will be installed:
    server4.netology:   ansible ansible-core python3-bcrypt python3-jinja2 python3-markupsafe
    server4.netology:   python3-packaging python3-paramiko python3-pyparsing python3-resolvelib
    server4.netology:   sshpass
    server4.netology: 0 upgraded, 10 newly installed, 0 to remove and 100 not upgraded.
    server4.netology: Need to get 21.4 MB of archives.
    server4.netology: After this operation, 279 MB of additional disk space will be used.
    server4.netology: Get:1 http://ppa.launchpad.net/ansible/ansible/ubuntu focal/main amd64 python3-resolvelib all 0.5.4-2ppa~focal [12.6 kB]
    server4.netology: Get:2 http://archive.ubuntu.com/ubuntu focal/main amd64 python3-markupsafe amd64 1.1.0-1build2 [13.9 kB]
    server4.netology: Get:3 http://archive.ubuntu.com/ubuntu focal/main amd64 python3-jinja2 all 2.10.1-2 [95.5 kB]
    server4.netology: Get:4 http://ppa.launchpad.net/ansible/ansible/ubuntu focal/main amd64 ansible-core all 2.11.6-1ppa~focal [927 kB]
    server4.netology: Get:5 http://archive.ubuntu.com/ubuntu focal/main amd64 python3-bcrypt amd64 3.1.7-2ubuntu1 [30.4 kB]
    server4.netology: Get:6 http://archive.ubuntu.com/ubuntu focal/main amd64 python3-paramiko all 2.6.0-2 [122 kB]
    server4.netology: Get:7 http://archive.ubuntu.com/ubuntu focal/main amd64 python3-pyparsing all 2.4.6-1 [61.3 kB]
    server4.netology: Get:8 http://archive.ubuntu.com/ubuntu focal/main amd64 python3-packaging all 20.3-1 [26.8 kB]
    server4.netology: Get:9 http://archive.ubuntu.com/ubuntu focal/universe amd64 sshpass amd64 1.06-1 [10.5 kB]
    server4.netology: Get:10 http://ppa.launchpad.net/ansible/ansible/ubuntu focal/main amd64 ansible all 4.8.0-1ppa~focal [20.1 MB]
    server4.netology: dpkg-preconfigure: unable to re-open stdin: No such file or directory
    server4.netology: Fetched 21.4 MB in 19s (1,101 kB/s)
    server4.netology: Selecting previously unselected package python3-markupsafe.
(Reading database ... 41552 files and directories currently installed.)
    server4.netology: Preparing to unpack .../0-python3-markupsafe_1.1.0-1build2_amd64.deb ...
    server4.netology: Unpacking python3-markupsafe (1.1.0-1build2) ...
    server4.netology: Selecting previously unselected package python3-jinja2.
    server4.netology: Preparing to unpack .../1-python3-jinja2_2.10.1-2_all.deb ...
    server4.netology: Unpacking python3-jinja2 (2.10.1-2) ...
    server4.netology: Selecting previously unselected package python3-bcrypt.
    server4.netology: Preparing to unpack .../2-python3-bcrypt_3.1.7-2ubuntu1_amd64.deb ...
    server4.netology: Unpacking python3-bcrypt (3.1.7-2ubuntu1) ...
    server4.netology: Selecting previously unselected package python3-paramiko.
    server4.netology: Preparing to unpack .../3-python3-paramiko_2.6.0-2_all.deb ...
    server4.netology: Unpacking python3-paramiko (2.6.0-2) ...
    server4.netology: Selecting previously unselected package python3-pyparsing.
    server4.netology: Preparing to unpack .../4-python3-pyparsing_2.4.6-1_all.deb ...
    server4.netology: Unpacking python3-pyparsing (2.4.6-1) ...
    server4.netology: Selecting previously unselected package python3-packaging.
    server4.netology: Preparing to unpack .../5-python3-packaging_20.3-1_all.deb ...
    server4.netology: Unpacking python3-packaging (20.3-1) ...
    server4.netology: Selecting previously unselected package python3-resolvelib.
    server4.netology: Preparing to unpack .../6-python3-resolvelib_0.5.4-2ppa~focal_all.deb ...
    server4.netology: Unpacking python3-resolvelib (0.5.4-2ppa~focal) ...
    server4.netology: Selecting previously unselected package sshpass.
    server4.netology: Preparing to unpack .../7-sshpass_1.06-1_amd64.deb ...
    server4.netology: Unpacking sshpass (1.06-1) ...
    server4.netology: Selecting previously unselected package ansible-core.
    server4.netology: Preparing to unpack .../8-ansible-core_2.11.6-1ppa~focal_all.deb ...
    server4.netology: Unpacking ansible-core (2.11.6-1ppa~focal) ...
    server4.netology: Selecting previously unselected package ansible.
    server4.netology: Preparing to unpack .../9-ansible_4.8.0-1ppa~focal_all.deb ...
    server4.netology: Unpacking ansible (4.8.0-1ppa~focal) ...
    server4.netology: Setting up python3-bcrypt (3.1.7-2ubuntu1) ...
    server4.netology: Setting up python3-resolvelib (0.5.4-2ppa~focal) ...
    server4.netology: Setting up python3-markupsafe (1.1.0-1build2) ...
    server4.netology: Setting up sshpass (1.06-1) ...
    server4.netology: Setting up python3-jinja2 (2.10.1-2) ...
    server4.netology: Setting up python3-pyparsing (2.4.6-1) ...
    server4.netology: Setting up python3-paramiko (2.6.0-2) ...
    server4.netology: Setting up python3-packaging (20.3-1) ...
    server4.netology: Setting up ansible-core (2.11.6-1ppa~focal) ...
    server4.netology: Setting up ansible (4.8.0-1ppa~focal) ...
    server4.netology: Processing triggers for man-db (2.9.1-1) ...
    server4.netology:
    server4.netology: WARNING: apt does not have a stable CLI interface. Use with caution in scripts.
    server4.netology:
    server4.netology: Reading package lists...
    server4.netology: Building dependency tree...
    server4.netology: Reading state information...
    server4.netology: The following additional packages will be installed:
    server4.netology:   libssh2-1 mc-data unzip
    server4.netology: Suggested packages:
    server4.netology:   arj catdvi | texlive-binaries dbview djvulibre-bin epub-utils genisoimage gv
    server4.netology:   imagemagick libaspell-dev links | w3m | lynx odt2txt poppler-utils python
    server4.netology:   python-boto python-tz xpdf | pdf-viewer zip
    server4.netology: The following NEW packages will be installed:
    server4.netology:   libssh2-1 mc mc-data unzip
    server4.netology: 0 upgraded, 4 newly installed, 0 to remove and 100 not upgraded.
    server4.netology: Need to get 1,986 kB of archives.
    server4.netology: After this operation, 8,587 kB of additional disk space will be used.
    server4.netology: Get:1 http://archive.ubuntu.com/ubuntu focal/universe amd64 libssh2-1 amd64 1.8.0-2.1build1 [75.4 kB]
    server4.netology: Get:2 http://archive.ubuntu.com/ubuntu focal/universe amd64 mc-data all 3:4.8.24-2ubuntu1 [1,265 kB]
    server4.netology: Get:3 http://archive.ubuntu.com/ubuntu focal/universe amd64 mc amd64 3:4.8.24-2ubuntu1 [477 kB]
    server4.netology: Get:4 http://archive.ubuntu.com/ubuntu focal/main amd64 unzip amd64 6.0-25ubuntu1 [169 kB]
    server4.netology: dpkg-preconfigure: unable to re-open stdin: No such file or directory
    server4.netology: Fetched 1,986 kB in 2s (964 kB/s)
    server4.netology: Selecting previously unselected package libssh2-1:amd64.
(Reading database ... 84026 files and directories currently installed.)
    server4.netology: Preparing to unpack .../libssh2-1_1.8.0-2.1build1_amd64.deb ...
    server4.netology: Unpacking libssh2-1:amd64 (1.8.0-2.1build1) ...
    server4.netology: Selecting previously unselected package mc-data.
    server4.netology: Preparing to unpack .../mc-data_3%3a4.8.24-2ubuntu1_all.deb ...
    server4.netology: Unpacking mc-data (3:4.8.24-2ubuntu1) ...
    server4.netology: Selecting previously unselected package mc.
    server4.netology: Preparing to unpack .../mc_3%3a4.8.24-2ubuntu1_amd64.deb ...
    server4.netology: Unpacking mc (3:4.8.24-2ubuntu1) ...
    server4.netology: Selecting previously unselected package unzip.
    server4.netology: Preparing to unpack .../unzip_6.0-25ubuntu1_amd64.deb ...
    server4.netology: Unpacking unzip (6.0-25ubuntu1) ...
    server4.netology: Setting up unzip (6.0-25ubuntu1) ...
    server4.netology: Setting up mc-data (3:4.8.24-2ubuntu1) ...
    server4.netology: Setting up libssh2-1:amd64 (1.8.0-2.1build1) ...
    server4.netology: Setting up mc (3:4.8.24-2ubuntu1) ...
    server4.netology: Processing triggers for man-db (2.9.1-1) ...
    server4.netology: Processing triggers for mime-support (3.64ubuntu1) ...
    server4.netology: Processing triggers for libc-bin (2.31-0ubuntu9.2) ...
    server4.netology: Generating locales (this might take a while)...
    server4.netology:   ru_RU.ISO-8859-5... done
    server4.netology: Generation complete.
    server4.netology: Generating locales (this might take a while)...
    server4.netology:   ru_RU.UTF-8... done
    server4.netology: Generation complete.
    server4.netology: [WARNING]: provided hosts list is empty, only localhost is available. Note that
    server4.netology: the implicit localhost does not match 'all'
    server4.netology:
    server4.netology: PLAY [127.0.0.1] ***************************************************************
    server4.netology:
    server4.netology: TASK [Gathering Facts] *********************************************************
    server4.netology: ok: [127.0.0.1]
    server4.netology:
    server4.netology: TASK [Create directory for ssh-keys] *******************************************
    server4.netology: changed: [127.0.0.1]
    server4.netology:
    server4.netology: TASK [Adding rsa-key in /root/.ssh/authorized_keys] ****************************
    server4.netology: changed: [127.0.0.1]
    server4.netology:
    server4.netology: TASK [Checking DNS] ************************************************************
    server4.netology: changed: [127.0.0.1]
    server4.netology:
    server4.netology: TASK [Installing tools] ********************************************************
    server4.netology: ok: [127.0.0.1] => (item=git)
    server4.netology: ok: [127.0.0.1] => (item=curl)
    server4.netology:
    server4.netology: TASK [Installing docker part1] *************************************************
    server4.netology: changed: [127.0.0.1]
    server4.netology:
    server4.netology: TASK [Installing docker part2] *************************************************
    server4.netology: changed: [127.0.0.1]
    server4.netology:
    server4.netology: TASK [Installing docker part3] *************************************************
    server4.netology: changed: [127.0.0.1]
    server4.netology:
    server4.netology: TASK [Add the current user to docker group] ************************************
    server4.netology: changed: [127.0.0.1]
    server4.netology:
    server4.netology: PLAY RECAP *********************************************************************
    server4.netology: 127.0.0.1                  : ok=9    changed=7    unreachable=0    failed=0    skipped=0    rescued=0    ignored=0
    server4.netology: